<?xml version="1.0" encoding="UTF-8"?>
<testsuite name="gradle.example.AppTest" tests="1" skipped="0" failures="0" errors="0" timestamp="2022-04-07T20:35:58" hostname="labs-jenkins.alt.altarix.ru" time="0.003">
  <properties/>
  <testcase name="testAppHasAGreeting" classname="gradle.example.AppTest" time="0.003"/>
  <system-out><![CDATA[]]></system-out>
  <system-err><![CDATA[]]></system-err>
</testsuite>
